0:1; 	1:9; 	2:2; 	3:3; 	4:11; 	5:8; 	6:5; 	7:12; 	8:4; 	9:10; 	10:7; 	11:6; 	
Вызов merge_sort 0:12
  Вызов merge_sort 0:6
    Вызов merge_sort 0:3
      Вызов merge_sort 0:1
      Вызов merge_sort 1:3
        Вызов merge_sort 1:2
        Вызов merge_sort 2:3
      Объеденить от 1:2 - 2:3
      Первая стадиния: индексы 1(2):3(3), массив [2]
      Вторая стадия: индексы 2(2):3(3), массив [2, 9]
       [2, 9]
    Объеденить от 0:1 - 1:3
    Первая стадиния: индексы 1(1):1(3), массив [1]
    Вторая стадия: индексы 1(1):3(3), массив [1, 2, 9]
     [1, 2, 9]
    Вызов merge_sort 3:6
      Вызов merge_sort 3:4
      Вызов merge_sort 4:6
        Вызов merge_sort 4:5
        Вызов merge_sort 5:6
      Объеденить от 4:5 - 5:6
      Первая стадиния: индексы 4(5):6(6), массив [8]
      Вторая стадия: индексы 5(5):6(6), массив [8, 11]
       [8, 11]
    Объеденить от 3:4 - 4:6
    Первая стадиния: индексы 4(4):4(6), массив [3]
    Вторая стадия: индексы 4(4):6(6), массив [3, 8, 11]
     [3, 8, 11]
  Объеденить от 0:3 - 3:6
  Первая стадиния: индексы 3(3):5(6), массив [1, 2, 3, 8, 9]
  Вторая стадия: индексы 3(3):6(6), массив [1, 2, 3, 8, 9, 11]
   [1, 2, 3, 8, 9, 11]
  Вызов merge_sort 6:12
    Вызов merge_sort 6:9
      Вызов merge_sort 6:7
      Вызов merge_sort 7:9
        Вызов merge_sort 7:8
        Вызов merge_sort 8:9
      Объеденить от 7:8 - 8:9
      Первая стадиния: индексы 7(8):9(9), массив [4]
      Вторая стадия: индексы 8(8):9(9), массив [4, 12]
       [4, 12]
    Объеденить от 6:7 - 7:9
    Первая стадиния: индексы 7(7):8(9), массив [4, 5]
    Вторая стадия: индексы 7(7):9(9), массив [4, 5, 12]
     [4, 5, 12]
    Вызов merge_sort 9:12
      Вызов merge_sort 9:10
      Вызов merge_sort 10:12
        Вызов merge_sort 10:11
        Вызов merge_sort 11:12
      Объеденить от 10:11 - 11:12
      Первая стадиния: индексы 10(11):12(12), массив [6]
      Вторая стадия: индексы 11(11):12(12), массив [6, 7]
       [6, 7]
    Объеденить от 9:10 - 10:12
    Первая стадиния: индексы 9(10):12(12), массив [6, 7]
    Вторая стадия: индексы 10(10):12(12), массив [6, 7, 10]
     [6, 7, 10]
  Объеденить от 6:9 - 9:12
  Первая стадиния: индексы 8(9):12(12), массив [4, 5, 6, 7, 10]
  Вторая стадия: индексы 9(9):12(12), массив [4, 5, 6, 7, 10, 12]
   [4, 5, 6, 7, 10, 12]
Объеденить от 0:6 - 6:12
Первая стадиния: индексы 6(6):11(12), массив [1, 2, 3, 4, 5, 6, 7, 8, 9, 10, 11]
Вторая стадия: индексы 6(6):12(12), массив [1, 2, 3, 4, 5, 6, 7, 8, 9, 10, 11, 12]
 [1, 2, 3, 4, 5, 6, 7, 8, 9, 10, 11, 12]
0:1; 	1:2; 	2:3; 	3:4; 	4:5; 	5:6; 	6:7; 	7:8; 	8:9; 	9:10; 	10:11; 	11:12; 	
Process finished with exit code 0
