0:1; 	1:9; 	2:2; 	3:3; 	4:11; 	5:8; 	6:5; 	7:12; 	8:4; 	9:10; 	10:7; 	11:6; 	
Вызов quick_sort
Перемешать 0:1 - 11:6
Начальный опорный 5:8
Текущая проверка [0 <-> 11]:	Увеличить левый	
Текущая проверка [1 <-> 11]:	Сменить [1:9 <-> 11:6]	
Текущая проверка [2 <-> 10]:	Увеличить левый	
Текущая проверка [3 <-> 10]:	Увеличить левый	
Текущая проверка [4 <-> 10]:	Сменить [4:11 <-> 10:7]	
Текущая проверка [5 <-> 9]:	Увеличить правый	
Текущая проверка [5 <-> 8]:	Сменить [5:8 <-> 8:4]	
Текущая проверка [6 <-> 7]:	Увеличить правый	
Итоговый опорный 6:5
  Вызов quick_sort
  Перемешать 0:1 - 6:5
  Начальный опорный 3:3
  Текущая проверка [0 <-> 6]:	  Увеличить левый	  Увеличить правый	
  Текущая проверка [1 <-> 5]:	  Увеличить правый	
  Текущая проверка [1 <-> 4]:	  Увеличить правый	
  Текущая проверка [1 <-> 3]:	  Сменить [1:6 <-> 3:3]	
  Итоговый опорный 2:2
    Вызов quick_sort
    Перемешать 0:1 - 2:2
    Начальный опорный 1:3
    Текущая проверка [0 <-> 2]:	    Увеличить левый	
    Текущая проверка [1 <-> 2]:	    Сменить [1:3 <-> 2:2]	
    Итоговый опорный 2:3
    Вызов quick_sort
    Перемешать 3:6 - 6:5
    Начальный опорный 4:7
    Текущая проверка [3 <-> 6]:	    Увеличить левый	
    Текущая проверка [4 <-> 6]:	    Сменить [4:7 <-> 6:5]	
    Итоговый опорный 5:4
      Вызов quick_sort
      Перемешать 3:6 - 5:4
      Начальный опорный 4:5
      Текущая проверка [3 <-> 5]:	      Сменить [3:6 <-> 5:4]	
      Итоговый опорный 4:5
        Вызов quick_sort
        Перемешать 3:4 - 4:5
        Начальный опорный 3:4
        Текущая проверка [3 <-> 4]:	        Увеличить правый	
        Итоговый опорный 3:4
  Вызов quick_sort
  Перемешать 7:12 - 11:9
  Начальный опорный 9:10
  Текущая проверка [7 <-> 11]:	  Сменить [7:12 <-> 11:9]	
  Текущая проверка [8 <-> 10]:	  Увеличить левый	  Увеличить правый	
  Итоговый опорный 9:10
    Вызов quick_sort
    Перемешать 7:9 - 9:10
    Начальный опорный 8:8
    Текущая проверка [7 <-> 9]:	    Увеличить правый	
    Текущая проверка [7 <-> 8]:	    Сменить [7:9 <-> 8:8]	
    Итоговый опорный 8:9
      Вызов quick_sort
      Перемешать 7:8 - 8:9
      Начальный опорный 7:8
      Текущая проверка [7 <-> 8]:	      Увеличить правый	
      Итоговый опорный 7:8
    Вызов quick_sort
    Перемешать 10:11 - 11:12
    Начальный опорный 10:11
    Текущая проверка [10 <-> 11]:	    Увеличить правый	
    Итоговый опорный 10:11
0:1; 	1:2; 	2:3; 	3:4; 	4:5; 	5:6; 	6:7; 	7:8; 	8:9; 	9:10; 	10:11; 	11:12; 	
Process finished with exit code 0
