
[87, 90, 35, 30, 23, 73, 70, 7, 25, 7]

Выполняю heapSort
	Выполняю построение кучи для a[4] = 23:
		наибольший: 4, левый: 9, правый: 10
		 наибольший текущий
	Выполняю построение кучи для a[3] = 30:
		наибольший: 3, левый: 7, правый: 8
		 наибольший текущий
	Выполняю построение кучи для a[2] = 35:
		наибольший: 2, левый: 5, правый: 6
		 левый больше,обмен 5 и 2
		Выполняю построение кучи для a[5] = 35:
			наибольший: 5, левый: 11, правый: 12
			 наибольший текущий
	Выполняю построение кучи для a[1] = 90:
		наибольший: 1, левый: 3, правый: 4
		 наибольший текущий
	Выполняю построение кучи для a[0] = 87:
		наибольший: 0, левый: 1, правый: 2
		 левый больше,обмен 1 и 0
		Выполняю построение кучи для a[1] = 87:
			наибольший: 1, левый: 3, правый: 4
			 наибольший текущий

Меняю 0 и 9
	Выполняю построение кучи для a[0] = 7:
		наибольший: 0, левый: 1, правый: 2
		 левый больше,обмен 1 и 0
		Выполняю построение кучи для a[1] = 7:
			наибольший: 1, левый: 3, правый: 4
			 левый больше,обмен 3 и 1
			Выполняю построение кучи для a[3] = 7:
				наибольший: 3, левый: 7, правый: 8
				 правый больше,обмен 8 и 3
				Выполняю построение кучи для a[8] = 7:
					наибольший: 8, левый: 17, правый: 18
					 наибольший текущий
Меняю 0 и 8
	Выполняю построение кучи для a[0] = 7:
		наибольший: 0, левый: 1, правый: 2
		 левый больше,правый больше,обмен 2 и 0
		Выполняю построение кучи для a[2] = 7:
			наибольший: 2, левый: 5, правый: 6
			 левый больше,правый больше,обмен 6 и 2
			Выполняю построение кучи для a[6] = 7:
				наибольший: 6, левый: 13, правый: 14
				 наибольший текущий
Меняю 0 и 7
	Выполняю построение кучи для a[0] = 7:
		наибольший: 0, левый: 1, правый: 2
		 левый больше,правый больше,обмен 2 и 0
		Выполняю построение кучи для a[2] = 7:
			наибольший: 2, левый: 5, правый: 6
			 левый больше,обмен 5 и 2
			Выполняю построение кучи для a[5] = 7:
				наибольший: 5, левый: 11, правый: 12
				 наибольший текущий
Меняю 0 и 6
	Выполняю построение кучи для a[0] = 7:
		наибольший: 0, левый: 1, правый: 2
		 левый больше,правый больше,обмен 2 и 0
		Выполняю построение кучи для a[2] = 7:
			наибольший: 2, левый: 5, правый: 6
			 наибольший текущий
Меняю 0 и 5
	Выполняю построение кучи для a[0] = 7:
		наибольший: 0, левый: 1, правый: 2
		 левый больше,обмен 1 и 0
		Выполняю построение кучи для a[1] = 7:
			наибольший: 1, левый: 3, правый: 4
			 левый больше,обмен 3 и 1
			Выполняю построение кучи для a[3] = 7:
				наибольший: 3, левый: 7, правый: 8
				 наибольший текущий
Меняю 0 и 4
	Выполняю построение кучи для a[0] = 23:
		наибольший: 0, левый: 1, правый: 2
		 левый больше,обмен 1 и 0
		Выполняю построение кучи для a[1] = 23:
			наибольший: 1, левый: 3, правый: 4
			 наибольший текущий
Меняю 0 и 3
	Выполняю построение кучи для a[0] = 7:
		наибольший: 0, левый: 1, правый: 2
		 левый больше,обмен 1 и 0
		Выполняю построение кучи для a[1] = 7:
			наибольший: 1, левый: 3, правый: 4
			 наибольший текущий
Меняю 0 и 2
	Выполняю построение кучи для a[0] = 7:
		наибольший: 0, левый: 1, правый: 2
		 наибольший текущий
Меняю 0 и 1
	Выполняю построение кучи для a[0] = 7:
		наибольший: 0, левый: 1, правый: 2
		 наибольший текущий
Меняю 0 и 0
	Выполняю построение кучи для a[0] = 7:
		наибольший: 0, левый: 1, правый: 2
		 наибольший текущий

[7, 7, 23, 25, 30, 35, 70, 73, 87, 90]